15:45:21.190 INFO  n.StochDiff - NeuroRD 3.2.2
15:45:21.194 INFO  n.StochDiff - Writing logs to docs/neurord-fit/Model_simple.log
15:45:21.360 INFO  n.m.SDRun - Loading model from "docs/neurord-fit/Model_simple.xml" with seed null
15:45:21.447 INFO  n.x.ModelReader - /SDRun/ReactionScheme: namespace not specified, assuming http://stochdiff.textensor.org
15:45:21.468 INFO  n.m.SDRun - Subvolume grid size is: 1.0 (from radii [1.0, 1.0], candidates [1.0, 1.0], default 1.0)
15:45:21.483 INFO  n.m.SDRun - 1 subvolumes
15:45:21.504 INFO  n.SDCalc - Using HDF5 writer for docs/neurord-fit/Model_simple.h5
15:45:21.504 INFO  n.SDCalc - Beginning calculations (1 trials)
15:45:21.511 INFO  n.n.BaseCalc - Writing particle numbers as NUMBERs
15:45:21.512 INFO  n.n.g.GridCalc - Extracting dts for 0 output files
15:45:21.558 INFO  n.m.ReactionScheme - Running with 1 reactions (forward and reverse)
15:45:21.559 INFO  n.n.BaseCalc - Trial 0: running with simulationSeed 971263
15:45:21.566 INFO  n.n.g.NextEventQueue - Using 0.01 as leap tolerance, jumping when 2.0 times longer
15:45:21.567 INFO  n.n.g.NextEventQueue - Created 0 diffusion events
15:45:21.568 INFO  n.n.g.NextEventQueue - Created 1 reaction events
15:45:21.571 INFO  n.n.g.NextEventQueue - Created Stimulation el.0 glu: t=100.270150864866 fraction=1.0 [Stimulation →pointA POISSON rate=6.25000 onset=100.000000 duration=10.000000 period=NaN end=110.000000]
15:45:21.572 INFO  n.n.g.NextEventQueue - Created Stimulation el.0 buf: t=200.02020548288206 fraction=1.0 [Stimulation →pointA POISSON rate=6.20000 onset=200.000000 duration=10.000000 period=NaN end=210.000000]
15:45:21.572 INFO  n.n.g.NextEventQueue - Created 2 stimulation events
15:45:21.573 INFO  n.n.g.NextEventQueue - 3 event channels:
15:45:21.574 INFO  n.n.g.NextEventQueue - 0 → Stimulation el.0 glu prop=6.25 t=100.270150864866
15:45:21.574 INFO  n.n.g.NextEventQueue - 1 → Stimulation el.0 buf prop=6.2 t=200.02020548288206
15:45:21.574 INFO  n.n.g.NextEventQueue - 2 → Reaction el.0 glu+buf→nil prop=0.0 t=Infinity
15:45:21.575 INFO  n.n.g.NextEventQueue - 2 dependency edges, 2 active
15:45:21.593 INFO  n.n.g.ResultWriterHDF5 - Created grid with dims=[1] size=[] chunks=[1]
15:45:21.604 INFO  n.n.g.ResultWriterHDF5 - Created neighbors with dims=[1×0] size=[] chunks=[]
15:45:21.608 INFO  n.n.g.ResultWriterHDF5 - Created couplings with dims=[1×0] size=[] chunks=[]
15:45:21.613 INFO  n.n.g.ResultWriterHDF5 - Created species with dims=[2] size=[] chunks=[2]
15:45:21.618 INFO  n.n.g.ResultWriterHDF5 - Created regions with dims=[2] size=[] chunks=[2]
15:45:21.623 INFO  n.n.g.ResultWriterHDF5 - Created target_names with dims=[2] size=[] chunks=[2]
15:45:21.627 INFO  n.n.g.ResultWriterHDF5 - Created targets with dims=[2×1] size=[] chunks=[2×1]
15:45:21.632 INFO  n.n.g.ResultWriterHDF5 - Created reactants with dims=[1×2] size=[] chunks=[1×2]
15:45:21.636 INFO  n.n.g.ResultWriterHDF5 - Created products with dims=[1×0] size=[] chunks=[]
15:45:21.641 INFO  n.n.g.ResultWriterHDF5 - Created reactant_stoichiometry with dims=[1×2] size=[] chunks=[1×2]
15:45:21.645 INFO  n.n.g.ResultWriterHDF5 - Created product_stoichiometry with dims=[1×0] size=[] chunks=[]
15:45:21.649 INFO  n.n.g.ResultWriterHDF5 - Created rates with dims=[1] size=[] chunks=[1]
15:45:21.654 INFO  n.n.g.ResultWriterHDF5 - Created reversible_pairs with dims=[1] size=[] chunks=[1]
15:45:21.660 INFO  n.n.g.ResultWriterHDF5 - Created descriptions with dims=[3] size=[] chunks=[3]
15:45:21.664 INFO  n.n.g.ResultWriterHDF5 - Created elements with dims=[3×2] size=[] chunks=[3×2]
15:45:21.669 INFO  n.n.g.ResultWriterHDF5 - Created types with dims=[3] size=[] chunks=[3]
15:45:21.673 INFO  n.n.g.ResultWriterHDF5 - Created substrates with dims=[3×2] size=[] chunks=[3×2]
15:45:21.677 INFO  n.n.g.ResultWriterHDF5 - Created stoichiometries with dims=[3×2] size=[] chunks=[3×2]
15:45:21.682 INFO  n.n.g.ResultWriterHDF5 - Created species with dims=[2] size=[] chunks=[2]
15:45:21.686 INFO  n.n.g.ResultWriterHDF5 - Created elements with dims=[1] size=[] chunks=[1]
15:45:21.732 INFO  n.n.g.ResultWriterHDF5 - Created serialized_config with dims=[1] size=[] chunks=[1]
15:45:21.735 NOTICE n.n.g.GridCalc - Trial 0: running from 0.0 to 1000.0 ms
15:45:21.735 INFO  n.n.g.GridCalc - main outputInterval=2.0 outputIntervals=[]
15:45:21.736 INFO  n.n.g.GridCalc - Trial 0: time 0.0 dt=2.0
15:45:21.737 INFO  n.n.g.ResultWriterHDF5 - Using population cache_size of 1024
15:45:21.738 INFO  n.n.g.ResultWriterHDF5 - Created population with dims=[0×1×2] size=[∞×1×2] chunks=[512×1×2]
15:45:21.743 INFO  n.n.g.ResultWriterHDF5 - Created times with dims=[0] size=[∞] chunks=[1024]
15:45:21.746 INFO  n.n.g.GridCalc - Trial 0: time 2.0 dt=2.0
15:45:21.746 INFO  n.n.g.GridCalc - Trial 0: time 4.0 dt=2.0
15:45:21.746 INFO  n.n.g.GridCalc - Trial 0: time 6.0 dt=2.0
15:45:21.747 INFO  n.n.g.GridCalc - Trial 0: time 8.0 dt=2.0
15:45:21.747 INFO  n.n.g.GridCalc - Trial 0: time 10.0 dt=2.0
15:45:21.747 INFO  n.n.g.GridCalc - Trial 0: time 12.0 dt=2.0
15:45:21.747 INFO  n.n.g.GridCalc - Trial 0: time 14.0 dt=2.0
15:45:21.747 INFO  n.n.g.GridCalc - Trial 0: time 16.0 dt=2.0
15:45:21.747 INFO  n.n.g.GridCalc - Trial 0: time 18.0 dt=2.0
15:45:21.748 INFO  n.n.g.GridCalc - Trial 0: time 20.0 dt=2.0
15:45:21.748 INFO  n.n.g.GridCalc - Trial 0: time 22.0 dt=2.0
15:45:21.748 INFO  n.n.g.GridCalc - Trial 0: time 24.0 dt=2.0
15:45:21.748 INFO  n.n.g.GridCalc - Trial 0: time 26.0 dt=2.0
15:45:21.748 INFO  n.n.g.GridCalc - Trial 0: time 28.0 dt=2.0
15:45:21.749 INFO  n.n.g.GridCalc - Trial 0: time 30.0 dt=2.0
15:45:21.749 INFO  n.n.g.GridCalc - Trial 0: time 32.0 dt=2.0
15:45:21.749 INFO  n.n.g.GridCalc - Trial 0: time 34.0 dt=2.0
15:45:21.749 INFO  n.n.g.GridCalc - Trial 0: time 36.0 dt=2.0
15:45:21.749 INFO  n.n.g.GridCalc - Trial 0: time 38.0 dt=2.0
15:45:21.750 INFO  n.n.g.GridCalc - Trial 0: time 40.0 dt=2.0
15:45:21.750 INFO  n.n.g.GridCalc - Trial 0: time 42.0 dt=2.0
15:45:21.750 INFO  n.n.g.GridCalc - Trial 0: time 44.0 dt=2.0
15:45:21.750 INFO  n.n.g.GridCalc - Trial 0: time 46.0 dt=2.0
15:45:21.750 INFO  n.n.g.GridCalc - Trial 0: time 48.0 dt=2.0
15:45:21.750 INFO  n.n.g.GridCalc - Trial 0: time 50.0 dt=2.0
15:45:21.751 INFO  n.n.g.GridCalc - Trial 0: time 52.0 dt=2.0
15:45:21.751 INFO  n.n.g.GridCalc - Trial 0: time 54.0 dt=2.0
15:45:21.751 INFO  n.n.g.GridCalc - Trial 0: time 56.0 dt=2.0
15:45:21.751 INFO  n.n.g.GridCalc - Trial 0: time 58.0 dt=2.0
15:45:21.751 INFO  n.n.g.GridCalc - Trial 0: time 60.0 dt=2.0
15:45:21.751 INFO  n.n.g.GridCalc - Trial 0: time 62.0 dt=2.0
15:45:21.752 INFO  n.n.g.GridCalc - Trial 0: time 64.0 dt=2.0
15:45:21.752 INFO  n.n.g.GridCalc - Trial 0: time 66.0 dt=2.0
15:45:21.752 INFO  n.n.g.GridCalc - Trial 0: time 68.0 dt=2.0
15:45:21.752 INFO  n.n.g.GridCalc - Trial 0: time 70.0 dt=2.0
15:45:21.752 INFO  n.n.g.GridCalc - Trial 0: time 72.0 dt=2.0
15:45:21.752 INFO  n.n.g.GridCalc - Trial 0: time 74.0 dt=2.0
15:45:21.752 INFO  n.n.g.GridCalc - Trial 0: time 76.0 dt=2.0
15:45:21.753 INFO  n.n.g.GridCalc - Trial 0: time 78.0 dt=2.0
15:45:21.753 INFO  n.n.g.GridCalc - Trial 0: time 80.0 dt=2.0
15:45:21.753 INFO  n.n.g.GridCalc - Trial 0: time 82.0 dt=2.0
15:45:21.753 INFO  n.n.g.GridCalc - Trial 0: time 84.0 dt=2.0
15:45:21.753 INFO  n.n.g.GridCalc - Trial 0: time 86.0 dt=2.0
15:45:21.753 INFO  n.n.g.GridCalc - Trial 0: time 88.0 dt=2.0
15:45:21.754 INFO  n.n.g.GridCalc - Trial 0: time 90.0 dt=2.0
15:45:21.754 INFO  n.n.g.GridCalc - Trial 0: time 92.0 dt=2.0
15:45:21.754 INFO  n.n.g.GridCalc - Trial 0: time 94.0 dt=2.0
15:45:21.754 INFO  n.n.g.GridCalc - Trial 0: time 96.0 dt=2.0
15:45:21.754 INFO  n.n.g.GridCalc - Trial 0: time 98.0 dt=2.0
15:45:21.754 INFO  n.n.g.GridCalc - Trial 0: time 100.0 dt=2.0
15:45:21.755 INFO  n.n.g.GridCalc - Trial 0: time 102.0 dt=2.0
15:45:21.755 INFO  n.n.g.GridCalc - Trial 0: time 104.0 dt=2.0
15:45:21.756 INFO  n.n.g.GridCalc - Trial 0: time 106.0 dt=2.0
15:45:21.756 INFO  n.n.g.GridCalc - Trial 0: time 108.0 dt=2.0
15:45:21.757 INFO  n.n.g.GridCalc - Trial 0: time 110.0 dt=2.0
15:45:21.757 INFO  n.n.g.GridCalc - Trial 0: time 112.0 dt=2.0
15:45:21.757 INFO  n.n.g.GridCalc - Trial 0: time 114.0 dt=2.0
15:45:21.763 INFO  n.n.g.GridCalc - Trial 0: time 116.0 dt=2.0
15:45:21.763 INFO  n.n.g.GridCalc - Trial 0: time 118.0 dt=2.0
15:45:21.763 INFO  n.n.g.GridCalc - Trial 0: time 120.0 dt=2.0
15:45:21.763 INFO  n.n.g.GridCalc - Trial 0: time 122.0 dt=2.0
15:45:21.763 INFO  n.n.g.GridCalc - Trial 0: time 124.0 dt=2.0
15:45:21.763 INFO  n.n.g.GridCalc - Trial 0: time 126.0 dt=2.0
15:45:21.764 INFO  n.n.g.GridCalc - Trial 0: time 128.0 dt=2.0
15:45:21.764 INFO  n.n.g.GridCalc - Trial 0: time 130.0 dt=2.0
15:45:21.764 INFO  n.n.g.GridCalc - Trial 0: time 132.0 dt=2.0
15:45:21.764 INFO  n.n.g.GridCalc - Trial 0: time 134.0 dt=2.0
15:45:21.764 INFO  n.n.g.GridCalc - Trial 0: time 136.0 dt=2.0
15:45:21.764 INFO  n.n.g.GridCalc - Trial 0: time 138.0 dt=2.0
15:45:21.764 INFO  n.n.g.GridCalc - Trial 0: time 140.0 dt=2.0
15:45:21.765 INFO  n.n.g.GridCalc - Trial 0: time 142.0 dt=2.0
15:45:21.765 INFO  n.n.g.GridCalc - Trial 0: time 144.0 dt=2.0
15:45:21.765 INFO  n.n.g.GridCalc - Trial 0: time 146.0 dt=2.0
15:45:21.765 INFO  n.n.g.GridCalc - Trial 0: time 148.0 dt=2.0
15:45:21.766 INFO  n.n.g.GridCalc - Trial 0: time 150.0 dt=2.0
15:45:21.766 INFO  n.n.g.GridCalc - Trial 0: time 152.0 dt=2.0
15:45:21.766 INFO  n.n.g.GridCalc - Trial 0: time 154.0 dt=2.0
15:45:21.766 INFO  n.n.g.GridCalc - Trial 0: time 156.0 dt=2.0
15:45:21.766 INFO  n.n.g.GridCalc - Trial 0: time 158.0 dt=2.0
15:45:21.767 INFO  n.n.g.GridCalc - Trial 0: time 160.0 dt=2.0
15:45:21.767 INFO  n.n.g.GridCalc - Trial 0: time 162.0 dt=2.0
15:45:21.767 INFO  n.n.g.GridCalc - Trial 0: time 164.0 dt=2.0
15:45:21.767 INFO  n.n.g.GridCalc - Trial 0: time 166.0 dt=2.0
15:45:21.767 INFO  n.n.g.GridCalc - Trial 0: time 168.0 dt=2.0
15:45:21.767 INFO  n.n.g.GridCalc - Trial 0: time 170.0 dt=2.0
15:45:21.767 INFO  n.n.g.GridCalc - Trial 0: time 172.0 dt=2.0
15:45:21.768 INFO  n.n.g.GridCalc - Trial 0: time 174.0 dt=2.0
15:45:21.768 INFO  n.n.g.GridCalc - Trial 0: time 176.0 dt=2.0
15:45:21.768 INFO  n.n.g.GridCalc - Trial 0: time 178.0 dt=2.0
15:45:21.768 INFO  n.n.g.GridCalc - Trial 0: time 180.0 dt=2.0
15:45:21.768 INFO  n.n.g.GridCalc - Trial 0: time 182.0 dt=2.0
15:45:21.768 INFO  n.n.g.GridCalc - Trial 0: time 184.0 dt=2.0
15:45:21.768 INFO  n.n.g.GridCalc - Trial 0: time 186.0 dt=2.0
15:45:21.769 INFO  n.n.g.GridCalc - Trial 0: time 188.0 dt=2.0
15:45:21.769 INFO  n.n.g.GridCalc - Trial 0: time 190.0 dt=2.0
15:45:21.769 INFO  n.n.g.GridCalc - Trial 0: time 192.0 dt=2.0
15:45:21.769 INFO  n.n.g.GridCalc - Trial 0: time 194.0 dt=2.0
15:45:21.769 INFO  n.n.g.GridCalc - Trial 0: time 196.0 dt=2.0
15:45:21.769 INFO  n.n.g.GridCalc - Trial 0: time 198.0 dt=2.0
15:45:21.770 INFO  n.n.g.GridCalc - Trial 0: time 200.0 dt=2.0
15:45:21.770 INFO  n.n.g.GridCalc - Trial 0: time 202.0 dt=2.0
15:45:21.770 INFO  n.n.g.GridCalc - Trial 0: time 204.0 dt=2.0
15:45:21.771 INFO  n.n.g.GridCalc - Trial 0: time 206.0 dt=2.0
15:45:21.771 INFO  n.n.g.GridCalc - Trial 0: time 208.0 dt=2.0
15:45:21.772 INFO  n.n.g.GridCalc - Trial 0: time 210.0 dt=2.0
15:45:21.772 INFO  n.n.g.GridCalc - Trial 0: time 212.0 dt=2.0
15:45:21.772 INFO  n.n.g.GridCalc - Trial 0: time 214.0 dt=2.0
15:45:21.772 INFO  n.n.g.GridCalc - Trial 0: time 216.0 dt=2.0
15:45:21.772 INFO  n.n.g.GridCalc - Trial 0: time 218.0 dt=2.0
15:45:21.773 INFO  n.n.g.GridCalc - Trial 0: time 220.0 dt=2.0
15:45:21.773 INFO  n.n.g.GridCalc - Trial 0: time 222.0 dt=2.0
15:45:21.773 INFO  n.n.g.GridCalc - Trial 0: time 224.0 dt=2.0
15:45:21.773 INFO  n.n.g.GridCalc - Trial 0: time 226.0 dt=2.0
15:45:21.773 INFO  n.n.g.GridCalc - Trial 0: time 228.0 dt=2.0
15:45:21.774 INFO  n.n.g.GridCalc - Trial 0: time 230.0 dt=2.0
15:45:21.774 INFO  n.n.g.GridCalc - Trial 0: time 232.0 dt=2.0
15:45:21.774 INFO  n.n.g.GridCalc - Trial 0: time 234.0 dt=2.0
15:45:21.774 INFO  n.n.g.GridCalc - Trial 0: time 236.0 dt=2.0
15:45:21.774 INFO  n.n.g.GridCalc - Trial 0: time 238.0 dt=2.0
15:45:21.774 INFO  n.n.g.GridCalc - Trial 0: time 240.0 dt=2.0
15:45:21.774 INFO  n.n.g.GridCalc - Trial 0: time 242.0 dt=2.0
15:45:21.775 INFO  n.n.g.GridCalc - Trial 0: time 244.0 dt=2.0
15:45:21.775 INFO  n.n.g.GridCalc - Trial 0: time 246.0 dt=2.0
15:45:21.775 INFO  n.n.g.GridCalc - Trial 0: time 248.0 dt=2.0
15:45:21.775 INFO  n.n.g.GridCalc - Trial 0: time 250.0 dt=2.0
15:45:21.775 INFO  n.n.g.GridCalc - Trial 0: time 252.0 dt=2.0
15:45:21.775 INFO  n.n.g.GridCalc - Trial 0: time 254.0 dt=2.0
15:45:21.776 INFO  n.n.g.GridCalc - Trial 0: time 256.0 dt=2.0
15:45:21.776 INFO  n.n.g.GridCalc - Trial 0: time 258.0 dt=2.0
15:45:21.776 INFO  n.n.g.GridCalc - Trial 0: time 260.0 dt=2.0
15:45:21.776 INFO  n.n.g.GridCalc - Trial 0: time 262.0 dt=2.0
15:45:21.776 INFO  n.n.g.GridCalc - Trial 0: time 264.0 dt=2.0
15:45:21.776 INFO  n.n.g.GridCalc - Trial 0: time 266.0 dt=2.0
15:45:21.776 INFO  n.n.g.GridCalc - Trial 0: time 268.0 dt=2.0
15:45:21.777 INFO  n.n.g.GridCalc - Trial 0: time 270.0 dt=2.0
15:45:21.777 INFO  n.n.g.GridCalc - Trial 0: time 272.0 dt=2.0
15:45:21.777 INFO  n.n.g.GridCalc - Trial 0: time 274.0 dt=2.0
15:45:21.777 INFO  n.n.g.GridCalc - Trial 0: time 276.0 dt=2.0
15:45:21.777 INFO  n.n.g.GridCalc - Trial 0: time 278.0 dt=2.0
15:45:21.777 INFO  n.n.g.GridCalc - Trial 0: time 280.0 dt=2.0
15:45:21.778 INFO  n.n.g.GridCalc - Trial 0: time 282.0 dt=2.0
15:45:21.778 INFO  n.n.g.GridCalc - Trial 0: time 284.0 dt=2.0
15:45:21.778 INFO  n.n.g.GridCalc - Trial 0: time 286.0 dt=2.0
15:45:21.778 INFO  n.n.g.GridCalc - Trial 0: time 288.0 dt=2.0
15:45:21.778 INFO  n.n.g.GridCalc - Trial 0: time 290.0 dt=2.0
15:45:21.778 INFO  n.n.g.GridCalc - Trial 0: time 292.0 dt=2.0
15:45:21.778 INFO  n.n.g.GridCalc - Trial 0: time 294.0 dt=2.0
15:45:21.779 INFO  n.n.g.GridCalc - Trial 0: time 296.0 dt=2.0
15:45:21.779 INFO  n.n.g.GridCalc - Trial 0: time 298.0 dt=2.0
15:45:21.779 INFO  n.n.g.GridCalc - Trial 0: time 300.0 dt=2.0
15:45:21.779 INFO  n.n.g.GridCalc - Trial 0: time 302.0 dt=2.0
15:45:21.779 INFO  n.n.g.GridCalc - Trial 0: time 304.0 dt=2.0
15:45:21.779 INFO  n.n.g.GridCalc - Trial 0: time 306.0 dt=2.0
15:45:21.779 INFO  n.n.g.GridCalc - Trial 0: time 308.0 dt=2.0
15:45:21.780 INFO  n.n.g.GridCalc - Trial 0: time 310.0 dt=2.0
15:45:21.780 INFO  n.n.g.GridCalc - Trial 0: time 312.0 dt=2.0
15:45:21.780 INFO  n.n.g.GridCalc - Trial 0: time 314.0 dt=2.0
15:45:21.780 INFO  n.n.g.GridCalc - Trial 0: time 316.0 dt=2.0
15:45:21.780 INFO  n.n.g.GridCalc - Trial 0: time 318.0 dt=2.0
15:45:21.780 INFO  n.n.g.GridCalc - Trial 0: time 320.0 dt=2.0
15:45:21.781 INFO  n.n.g.GridCalc - Trial 0: time 322.0 dt=2.0
15:45:21.781 INFO  n.n.g.GridCalc - Trial 0: time 324.0 dt=2.0
15:45:21.781 INFO  n.n.g.GridCalc - Trial 0: time 326.0 dt=2.0
15:45:21.781 INFO  n.n.g.GridCalc - Trial 0: time 328.0 dt=2.0
15:45:21.781 INFO  n.n.g.GridCalc - Trial 0: time 330.0 dt=2.0
15:45:21.781 INFO  n.n.g.GridCalc - Trial 0: time 332.0 dt=2.0
15:45:21.781 INFO  n.n.g.GridCalc - Trial 0: time 334.0 dt=2.0
15:45:21.782 INFO  n.n.g.GridCalc - Trial 0: time 336.0 dt=2.0
15:45:21.782 INFO  n.n.g.GridCalc - Trial 0: time 338.0 dt=2.0
15:45:21.782 INFO  n.n.g.GridCalc - Trial 0: time 340.0 dt=2.0
15:45:21.782 INFO  n.n.g.GridCalc - Trial 0: time 342.0 dt=2.0
15:45:21.782 INFO  n.n.g.GridCalc - Trial 0: time 344.0 dt=2.0
15:45:21.782 INFO  n.n.g.GridCalc - Trial 0: time 346.0 dt=2.0
15:45:21.782 INFO  n.n.g.GridCalc - Trial 0: time 348.0 dt=2.0
15:45:21.782 INFO  n.n.g.GridCalc - Trial 0: time 350.0 dt=2.0
15:45:21.783 INFO  n.n.g.GridCalc - Trial 0: time 352.0 dt=2.0
15:45:21.783 INFO  n.n.g.GridCalc - Trial 0: time 354.0 dt=2.0
15:45:21.783 INFO  n.n.g.GridCalc - Trial 0: time 356.0 dt=2.0
15:45:21.783 INFO  n.n.g.GridCalc - Trial 0: time 358.0 dt=2.0
15:45:21.783 INFO  n.n.g.GridCalc - Trial 0: time 360.0 dt=2.0
15:45:21.783 INFO  n.n.g.GridCalc - Trial 0: time 362.0 dt=2.0
15:45:21.783 INFO  n.n.g.GridCalc - Trial 0: time 364.0 dt=2.0
15:45:21.784 INFO  n.n.g.GridCalc - Trial 0: time 366.0 dt=2.0
15:45:21.784 INFO  n.n.g.GridCalc - Trial 0: time 368.0 dt=2.0
15:45:21.784 INFO  n.n.g.GridCalc - Trial 0: time 370.0 dt=2.0
15:45:21.784 INFO  n.n.g.GridCalc - Trial 0: time 372.0 dt=2.0
15:45:21.784 INFO  n.n.g.GridCalc - Trial 0: time 374.0 dt=2.0
15:45:21.787 INFO  n.n.g.GridCalc - Trial 0: time 376.0 dt=2.0
15:45:21.787 INFO  n.n.g.GridCalc - Trial 0: time 378.0 dt=2.0
15:45:21.787 INFO  n.n.g.GridCalc - Trial 0: time 380.0 dt=2.0
15:45:21.788 INFO  n.n.g.GridCalc - Trial 0: time 382.0 dt=2.0
15:45:21.788 INFO  n.n.g.GridCalc - Trial 0: time 384.0 dt=2.0
15:45:21.788 INFO  n.n.g.GridCalc - Trial 0: time 386.0 dt=2.0
15:45:21.788 INFO  n.n.g.GridCalc - Trial 0: time 388.0 dt=2.0
15:45:21.788 INFO  n.n.g.GridCalc - Trial 0: time 390.0 dt=2.0
15:45:21.788 INFO  n.n.g.GridCalc - Trial 0: time 392.0 dt=2.0
15:45:21.788 INFO  n.n.g.GridCalc - Trial 0: time 394.0 dt=2.0
15:45:21.788 INFO  n.n.g.GridCalc - Trial 0: time 396.0 dt=2.0
15:45:21.789 INFO  n.n.g.GridCalc - Trial 0: time 398.0 dt=2.0
15:45:21.789 INFO  n.n.g.GridCalc - Trial 0: time 400.0 dt=2.0
15:45:21.789 INFO  n.n.g.GridCalc - Trial 0: time 402.0 dt=2.0
15:45:21.789 INFO  n.n.g.GridCalc - Trial 0: time 404.0 dt=2.0
15:45:21.789 INFO  n.n.g.GridCalc - Trial 0: time 406.0 dt=2.0
15:45:21.789 INFO  n.n.g.GridCalc - Trial 0: time 408.0 dt=2.0
15:45:21.790 INFO  n.n.g.GridCalc - Trial 0: time 410.0 dt=2.0
15:45:21.790 INFO  n.n.g.GridCalc - Trial 0: time 412.0 dt=2.0
15:45:21.790 INFO  n.n.g.GridCalc - Trial 0: time 414.0 dt=2.0
15:45:21.790 INFO  n.n.g.GridCalc - Trial 0: time 416.0 dt=2.0
15:45:21.791 INFO  n.n.g.GridCalc - Trial 0: time 418.0 dt=2.0
15:45:21.791 INFO  n.n.g.GridCalc - Trial 0: time 420.0 dt=2.0
15:45:21.791 INFO  n.n.g.GridCalc - Trial 0: time 422.0 dt=2.0
15:45:21.791 INFO  n.n.g.GridCalc - Trial 0: time 424.0 dt=2.0
15:45:21.791 INFO  n.n.g.GridCalc - Trial 0: time 426.0 dt=2.0
15:45:21.791 INFO  n.n.g.GridCalc - Trial 0: time 428.0 dt=2.0
15:45:21.791 INFO  n.n.g.GridCalc - Trial 0: time 430.0 dt=2.0
15:45:21.791 INFO  n.n.g.GridCalc - Trial 0: time 432.0 dt=2.0
15:45:21.792 INFO  n.n.g.GridCalc - Trial 0: time 434.0 dt=2.0
15:45:21.792 INFO  n.n.g.GridCalc - Trial 0: time 436.0 dt=2.0
15:45:21.792 INFO  n.n.g.GridCalc - Trial 0: time 438.0 dt=2.0
15:45:21.792 INFO  n.n.g.GridCalc - Trial 0: time 440.0 dt=2.0
15:45:21.792 INFO  n.n.g.GridCalc - Trial 0: time 442.0 dt=2.0
15:45:21.793 INFO  n.n.g.GridCalc - Trial 0: time 444.0 dt=2.0
15:45:21.793 INFO  n.n.g.GridCalc - Trial 0: time 446.0 dt=2.0
15:45:21.793 INFO  n.n.g.GridCalc - Trial 0: time 448.0 dt=2.0
15:45:21.793 INFO  n.n.g.GridCalc - Trial 0: time 450.0 dt=2.0
15:45:21.793 INFO  n.n.g.GridCalc - Trial 0: time 452.0 dt=2.0
15:45:21.793 INFO  n.n.g.GridCalc - Trial 0: time 454.0 dt=2.0
15:45:21.793 INFO  n.n.g.GridCalc - Trial 0: time 456.0 dt=2.0
15:45:21.794 INFO  n.n.g.GridCalc - Trial 0: time 458.0 dt=2.0
15:45:21.794 INFO  n.n.g.GridCalc - Trial 0: time 460.0 dt=2.0
15:45:21.794 INFO  n.n.g.GridCalc - Trial 0: time 462.0 dt=2.0
15:45:21.794 INFO  n.n.g.GridCalc - Trial 0: time 464.0 dt=2.0
15:45:21.794 INFO  n.n.g.GridCalc - Trial 0: time 466.0 dt=2.0
15:45:21.794 INFO  n.n.g.GridCalc - Trial 0: time 468.0 dt=2.0
15:45:21.794 INFO  n.n.g.GridCalc - Trial 0: time 470.0 dt=2.0
15:45:21.794 INFO  n.n.g.GridCalc - Trial 0: time 472.0 dt=2.0
15:45:21.795 INFO  n.n.g.GridCalc - Trial 0: time 474.0 dt=2.0
15:45:21.795 INFO  n.n.g.GridCalc - Trial 0: time 476.0 dt=2.0
15:45:21.795 INFO  n.n.g.GridCalc - Trial 0: time 478.0 dt=2.0
15:45:21.795 INFO  n.n.g.GridCalc - Trial 0: time 480.0 dt=2.0
15:45:21.795 INFO  n.n.g.GridCalc - Trial 0: time 482.0 dt=2.0
15:45:21.795 INFO  n.n.g.GridCalc - Trial 0: time 484.0 dt=2.0
15:45:21.795 INFO  n.n.g.GridCalc - Trial 0: time 486.0 dt=2.0
15:45:21.795 INFO  n.n.g.GridCalc - Trial 0: time 488.0 dt=2.0
15:45:21.796 INFO  n.n.g.GridCalc - Trial 0: time 490.0 dt=2.0
15:45:21.796 INFO  n.n.g.GridCalc - Trial 0: time 492.0 dt=2.0
15:45:21.796 INFO  n.n.g.GridCalc - Trial 0: time 494.0 dt=2.0
15:45:21.796 INFO  n.n.g.GridCalc - Trial 0: time 496.0 dt=2.0
15:45:21.796 INFO  n.n.g.GridCalc - Trial 0: time 498.0 dt=2.0
15:45:21.796 INFO  n.n.g.GridCalc - Trial 0: time 500.0 dt=2.0
15:45:21.796 INFO  n.n.g.GridCalc - Trial 0: time 502.0 dt=2.0
15:45:21.796 INFO  n.n.g.GridCalc - Trial 0: time 504.0 dt=2.0
15:45:21.797 INFO  n.n.g.GridCalc - Trial 0: time 506.0 dt=2.0
15:45:21.797 INFO  n.n.g.GridCalc - Trial 0: time 508.0 dt=2.0
15:45:21.797 INFO  n.n.g.GridCalc - Trial 0: time 510.0 dt=2.0
15:45:21.797 INFO  n.n.g.GridCalc - Trial 0: time 512.0 dt=2.0
15:45:21.797 INFO  n.n.g.GridCalc - Trial 0: time 514.0 dt=2.0
15:45:21.797 INFO  n.n.g.GridCalc - Trial 0: time 516.0 dt=2.0
15:45:21.797 INFO  n.n.g.GridCalc - Trial 0: time 518.0 dt=2.0
15:45:21.797 INFO  n.n.g.GridCalc - Trial 0: time 520.0 dt=2.0
15:45:21.798 INFO  n.n.g.GridCalc - Trial 0: time 522.0 dt=2.0
15:45:21.798 INFO  n.n.g.GridCalc - Trial 0: time 524.0 dt=2.0
15:45:21.798 INFO  n.n.g.GridCalc - Trial 0: time 526.0 dt=2.0
15:45:21.798 INFO  n.n.g.GridCalc - Trial 0: time 528.0 dt=2.0
15:45:21.798 INFO  n.n.g.GridCalc - Trial 0: time 530.0 dt=2.0
15:45:21.798 INFO  n.n.g.GridCalc - Trial 0: time 532.0 dt=2.0
15:45:21.798 INFO  n.n.g.GridCalc - Trial 0: time 534.0 dt=2.0
15:45:21.798 INFO  n.n.g.GridCalc - Trial 0: time 536.0 dt=2.0
15:45:21.799 INFO  n.n.g.GridCalc - Trial 0: time 538.0 dt=2.0
15:45:21.799 INFO  n.n.g.GridCalc - Trial 0: time 540.0 dt=2.0
15:45:21.799 INFO  n.n.g.GridCalc - Trial 0: time 542.0 dt=2.0
15:45:21.799 INFO  n.n.g.GridCalc - Trial 0: time 544.0 dt=2.0
15:45:21.799 INFO  n.n.g.GridCalc - Trial 0: time 546.0 dt=2.0
15:45:21.800 INFO  n.n.g.GridCalc - Trial 0: time 548.0 dt=2.0
15:45:21.800 INFO  n.n.g.GridCalc - Trial 0: time 550.0 dt=2.0
15:45:21.800 INFO  n.n.g.GridCalc - Trial 0: time 552.0 dt=2.0
15:45:21.800 INFO  n.n.g.GridCalc - Trial 0: time 554.0 dt=2.0
15:45:21.800 INFO  n.n.g.GridCalc - Trial 0: time 556.0 dt=2.0
15:45:21.800 INFO  n.n.g.GridCalc - Trial 0: time 558.0 dt=2.0
15:45:21.800 INFO  n.n.g.GridCalc - Trial 0: time 560.0 dt=2.0
15:45:21.800 INFO  n.n.g.GridCalc - Trial 0: time 562.0 dt=2.0
15:45:21.801 INFO  n.n.g.GridCalc - Trial 0: time 564.0 dt=2.0
15:45:21.801 INFO  n.n.g.GridCalc - Trial 0: time 566.0 dt=2.0
15:45:21.801 INFO  n.n.g.GridCalc - Trial 0: time 568.0 dt=2.0
15:45:21.801 INFO  n.n.g.GridCalc - Trial 0: time 570.0 dt=2.0
15:45:21.801 INFO  n.n.g.GridCalc - Trial 0: time 572.0 dt=2.0
15:45:21.801 INFO  n.n.g.GridCalc - Trial 0: time 574.0 dt=2.0
15:45:21.801 INFO  n.n.g.GridCalc - Trial 0: time 576.0 dt=2.0
15:45:21.801 INFO  n.n.g.GridCalc - Trial 0: time 578.0 dt=2.0
15:45:21.802 INFO  n.n.g.GridCalc - Trial 0: time 580.0 dt=2.0
15:45:21.802 INFO  n.n.g.GridCalc - Trial 0: time 582.0 dt=2.0
15:45:21.802 INFO  n.n.g.GridCalc - Trial 0: time 584.0 dt=2.0
15:45:21.802 INFO  n.n.g.GridCalc - Trial 0: time 586.0 dt=2.0
15:45:21.802 INFO  n.n.g.GridCalc - Trial 0: time 588.0 dt=2.0
15:45:21.802 INFO  n.n.g.GridCalc - Trial 0: time 590.0 dt=2.0
15:45:21.802 INFO  n.n.g.GridCalc - Trial 0: time 592.0 dt=2.0
15:45:21.802 INFO  n.n.g.GridCalc - Trial 0: time 594.0 dt=2.0
15:45:21.803 INFO  n.n.g.GridCalc - Trial 0: time 596.0 dt=2.0
15:45:21.803 INFO  n.n.g.GridCalc - Trial 0: time 598.0 dt=2.0
15:45:21.803 INFO  n.n.g.GridCalc - Trial 0: time 600.0 dt=2.0
15:45:21.803 INFO  n.n.g.GridCalc - Trial 0: time 602.0 dt=2.0
15:45:21.803 INFO  n.n.g.GridCalc - Trial 0: time 604.0 dt=2.0
15:45:21.803 INFO  n.n.g.GridCalc - Trial 0: time 606.0 dt=2.0
15:45:21.803 INFO  n.n.g.GridCalc - Trial 0: time 608.0 dt=2.0
15:45:21.803 INFO  n.n.g.GridCalc - Trial 0: time 610.0 dt=2.0
15:45:21.803 INFO  n.n.g.GridCalc - Trial 0: time 612.0 dt=2.0
15:45:21.804 INFO  n.n.g.GridCalc - Trial 0: time 614.0 dt=2.0
15:45:21.804 INFO  n.n.g.GridCalc - Trial 0: time 616.0 dt=2.0
15:45:21.804 INFO  n.n.g.GridCalc - Trial 0: time 618.0 dt=2.0
15:45:21.804 INFO  n.n.g.GridCalc - Trial 0: time 620.0 dt=2.0
15:45:21.804 INFO  n.n.g.GridCalc - Trial 0: time 622.0 dt=2.0
15:45:21.804 INFO  n.n.g.GridCalc - Trial 0: time 624.0 dt=2.0
15:45:21.804 INFO  n.n.g.GridCalc - Trial 0: time 626.0 dt=2.0
15:45:21.804 INFO  n.n.g.GridCalc - Trial 0: time 628.0 dt=2.0
15:45:21.805 INFO  n.n.g.GridCalc - Trial 0: time 630.0 dt=2.0
15:45:21.805 INFO  n.n.g.GridCalc - Trial 0: time 632.0 dt=2.0
15:45:21.805 INFO  n.n.g.GridCalc - Trial 0: time 634.0 dt=2.0
15:45:21.809 INFO  n.n.g.GridCalc - Trial 0: time 636.0 dt=2.0
15:45:21.809 INFO  n.n.g.GridCalc - Trial 0: time 638.0 dt=2.0
15:45:21.810 INFO  n.n.g.GridCalc - Trial 0: time 640.0 dt=2.0
15:45:21.810 INFO  n.n.g.GridCalc - Trial 0: time 642.0 dt=2.0
15:45:21.810 INFO  n.n.g.GridCalc - Trial 0: time 644.0 dt=2.0
15:45:21.810 INFO  n.n.g.GridCalc - Trial 0: time 646.0 dt=2.0
15:45:21.810 INFO  n.n.g.GridCalc - Trial 0: time 648.0 dt=2.0
15:45:21.810 INFO  n.n.g.GridCalc - Trial 0: time 650.0 dt=2.0
15:45:21.810 INFO  n.n.g.GridCalc - Trial 0: time 652.0 dt=2.0
15:45:21.810 INFO  n.n.g.GridCalc - Trial 0: time 654.0 dt=2.0
15:45:21.810 INFO  n.n.g.GridCalc - Trial 0: time 656.0 dt=2.0
15:45:21.811 INFO  n.n.g.GridCalc - Trial 0: time 658.0 dt=2.0
15:45:21.811 INFO  n.n.g.GridCalc - Trial 0: time 660.0 dt=2.0
15:45:21.811 INFO  n.n.g.GridCalc - Trial 0: time 662.0 dt=2.0
15:45:21.811 INFO  n.n.g.GridCalc - Trial 0: time 664.0 dt=2.0
15:45:21.811 INFO  n.n.g.GridCalc - Trial 0: time 666.0 dt=2.0
15:45:21.811 INFO  n.n.g.GridCalc - Trial 0: time 668.0 dt=2.0
15:45:21.812 INFO  n.n.g.GridCalc - Trial 0: time 670.0 dt=2.0
15:45:21.812 INFO  n.n.g.GridCalc - Trial 0: time 672.0 dt=2.0
15:45:21.812 INFO  n.n.g.GridCalc - Trial 0: time 674.0 dt=2.0
15:45:21.812 INFO  n.n.g.GridCalc - Trial 0: time 676.0 dt=2.0
15:45:21.812 INFO  n.n.g.GridCalc - Trial 0: time 678.0 dt=2.0
15:45:21.812 INFO  n.n.g.GridCalc - Trial 0: time 680.0 dt=2.0
15:45:21.812 INFO  n.n.g.GridCalc - Trial 0: time 682.0 dt=2.0
15:45:21.812 INFO  n.n.g.GridCalc - Trial 0: time 684.0 dt=2.0
15:45:21.813 INFO  n.n.g.GridCalc - Trial 0: time 686.0 dt=2.0
15:45:21.813 INFO  n.n.g.GridCalc - Trial 0: time 688.0 dt=2.0
15:45:21.813 INFO  n.n.g.GridCalc - Trial 0: time 690.0 dt=2.0
15:45:21.813 INFO  n.n.g.GridCalc - Trial 0: time 692.0 dt=2.0
15:45:21.813 INFO  n.n.g.GridCalc - Trial 0: time 694.0 dt=2.0
15:45:21.813 INFO  n.n.g.GridCalc - Trial 0: time 696.0 dt=2.0
15:45:21.813 INFO  n.n.g.GridCalc - Trial 0: time 698.0 dt=2.0
15:45:21.813 INFO  n.n.g.GridCalc - Trial 0: time 700.0 dt=2.0
15:45:21.814 INFO  n.n.g.GridCalc - Trial 0: time 702.0 dt=2.0
15:45:21.814 INFO  n.n.g.GridCalc - Trial 0: time 704.0 dt=2.0
15:45:21.814 INFO  n.n.g.GridCalc - Trial 0: time 706.0 dt=2.0
15:45:21.814 INFO  n.n.g.GridCalc - Trial 0: time 708.0 dt=2.0
15:45:21.814 INFO  n.n.g.GridCalc - Trial 0: time 710.0 dt=2.0
15:45:21.814 INFO  n.n.g.GridCalc - Trial 0: time 712.0 dt=2.0
15:45:21.814 INFO  n.n.g.GridCalc - Trial 0: time 714.0 dt=2.0
15:45:21.814 INFO  n.n.g.GridCalc - Trial 0: time 716.0 dt=2.0
15:45:21.814 INFO  n.n.g.GridCalc - Trial 0: time 718.0 dt=2.0
15:45:21.815 INFO  n.n.g.GridCalc - Trial 0: time 720.0 dt=2.0
15:45:21.815 INFO  n.n.g.GridCalc - Trial 0: time 722.0 dt=2.0
15:45:21.815 INFO  n.n.g.GridCalc - Trial 0: time 724.0 dt=2.0
15:45:21.815 INFO  n.n.g.GridCalc - Trial 0: time 726.0 dt=2.0
15:45:21.815 INFO  n.n.g.GridCalc - Trial 0: time 728.0 dt=2.0
15:45:21.815 INFO  n.n.g.GridCalc - Trial 0: time 730.0 dt=2.0
15:45:21.815 INFO  n.n.g.GridCalc - Trial 0: time 732.0 dt=2.0
15:45:21.815 INFO  n.n.g.GridCalc - Trial 0: time 734.0 dt=2.0
15:45:21.815 INFO  n.n.g.GridCalc - Trial 0: time 736.0 dt=2.0
15:45:21.816 INFO  n.n.g.GridCalc - Trial 0: time 738.0 dt=2.0
15:45:21.816 INFO  n.n.g.GridCalc - Trial 0: time 740.0 dt=2.0
15:45:21.816 INFO  n.n.g.GridCalc - Trial 0: time 742.0 dt=2.0
15:45:21.816 INFO  n.n.g.GridCalc - Trial 0: time 744.0 dt=2.0
15:45:21.816 INFO  n.n.g.GridCalc - Trial 0: time 746.0 dt=2.0
15:45:21.816 INFO  n.n.g.GridCalc - Trial 0: time 748.0 dt=2.0
15:45:21.816 INFO  n.n.g.GridCalc - Trial 0: time 750.0 dt=2.0
15:45:21.816 INFO  n.n.g.GridCalc - Trial 0: time 752.0 dt=2.0
15:45:21.817 INFO  n.n.g.GridCalc - Trial 0: time 754.0 dt=2.0
15:45:21.817 INFO  n.n.g.GridCalc - Trial 0: time 756.0 dt=2.0
15:45:21.817 INFO  n.n.g.GridCalc - Trial 0: time 758.0 dt=2.0
15:45:21.817 INFO  n.n.g.GridCalc - Trial 0: time 760.0 dt=2.0
15:45:21.817 INFO  n.n.g.GridCalc - Trial 0: time 762.0 dt=2.0
15:45:21.817 INFO  n.n.g.GridCalc - Trial 0: time 764.0 dt=2.0
15:45:21.817 INFO  n.n.g.GridCalc - Trial 0: time 766.0 dt=2.0
15:45:21.817 INFO  n.n.g.GridCalc - Trial 0: time 768.0 dt=2.0
15:45:21.817 INFO  n.n.g.GridCalc - Trial 0: time 770.0 dt=2.0
15:45:21.818 INFO  n.n.g.GridCalc - Trial 0: time 772.0 dt=2.0
15:45:21.818 INFO  n.n.g.GridCalc - Trial 0: time 774.0 dt=2.0
15:45:21.818 INFO  n.n.g.GridCalc - Trial 0: time 776.0 dt=2.0
15:45:21.818 INFO  n.n.g.GridCalc - Trial 0: time 778.0 dt=2.0
15:45:21.818 INFO  n.n.g.GridCalc - Trial 0: time 780.0 dt=2.0
15:45:21.818 INFO  n.n.g.GridCalc - Trial 0: time 782.0 dt=2.0
15:45:21.819 INFO  n.n.g.GridCalc - Trial 0: time 784.0 dt=2.0
15:45:21.819 INFO  n.n.g.GridCalc - Trial 0: time 786.0 dt=2.0
15:45:21.819 INFO  n.n.g.GridCalc - Trial 0: time 788.0 dt=2.0
15:45:21.819 INFO  n.n.g.GridCalc - Trial 0: time 790.0 dt=2.0
15:45:21.819 INFO  n.n.g.GridCalc - Trial 0: time 792.0 dt=2.0
15:45:21.819 INFO  n.n.g.GridCalc - Trial 0: time 794.0 dt=2.0
15:45:21.819 INFO  n.n.g.GridCalc - Trial 0: time 796.0 dt=2.0
15:45:21.819 INFO  n.n.g.GridCalc - Trial 0: time 798.0 dt=2.0
15:45:21.820 INFO  n.n.g.GridCalc - Trial 0: time 800.0 dt=2.0
15:45:21.820 INFO  n.n.g.GridCalc - Trial 0: time 802.0 dt=2.0
15:45:21.820 INFO  n.n.g.GridCalc - Trial 0: time 804.0 dt=2.0
15:45:21.820 INFO  n.n.g.GridCalc - Trial 0: time 806.0 dt=2.0
15:45:21.820 INFO  n.n.g.GridCalc - Trial 0: time 808.0 dt=2.0
15:45:21.820 INFO  n.n.g.GridCalc - Trial 0: time 810.0 dt=2.0
15:45:21.820 INFO  n.n.g.GridCalc - Trial 0: time 812.0 dt=2.0
15:45:21.820 INFO  n.n.g.GridCalc - Trial 0: time 814.0 dt=2.0
15:45:21.820 INFO  n.n.g.GridCalc - Trial 0: time 816.0 dt=2.0
15:45:21.821 INFO  n.n.g.GridCalc - Trial 0: time 818.0 dt=2.0
15:45:21.821 INFO  n.n.g.GridCalc - Trial 0: time 820.0 dt=2.0
15:45:21.821 INFO  n.n.g.GridCalc - Trial 0: time 822.0 dt=2.0
15:45:21.821 INFO  n.n.g.GridCalc - Trial 0: time 824.0 dt=2.0
15:45:21.821 INFO  n.n.g.GridCalc - Trial 0: time 826.0 dt=2.0
15:45:21.821 INFO  n.n.g.GridCalc - Trial 0: time 828.0 dt=2.0
15:45:21.821 INFO  n.n.g.GridCalc - Trial 0: time 830.0 dt=2.0
15:45:21.821 INFO  n.n.g.GridCalc - Trial 0: time 832.0 dt=2.0
15:45:21.821 INFO  n.n.g.GridCalc - Trial 0: time 834.0 dt=2.0
15:45:21.821 INFO  n.n.g.GridCalc - Trial 0: time 836.0 dt=2.0
15:45:21.822 INFO  n.n.g.GridCalc - Trial 0: time 838.0 dt=2.0
15:45:21.822 INFO  n.n.g.GridCalc - Trial 0: time 840.0 dt=2.0
15:45:21.822 INFO  n.n.g.GridCalc - Trial 0: time 842.0 dt=2.0
15:45:21.822 INFO  n.n.g.GridCalc - Trial 0: time 844.0 dt=2.0
15:45:21.822 INFO  n.n.g.GridCalc - Trial 0: time 846.0 dt=2.0
15:45:21.822 INFO  n.n.g.GridCalc - Trial 0: time 848.0 dt=2.0
15:45:21.822 INFO  n.n.g.GridCalc - Trial 0: time 850.0 dt=2.0
15:45:21.822 INFO  n.n.g.GridCalc - Trial 0: time 852.0 dt=2.0
15:45:21.822 INFO  n.n.g.GridCalc - Trial 0: time 854.0 dt=2.0
15:45:21.823 INFO  n.n.g.GridCalc - Trial 0: time 856.0 dt=2.0
15:45:21.823 INFO  n.n.g.GridCalc - Trial 0: time 858.0 dt=2.0
15:45:21.823 INFO  n.n.g.GridCalc - Trial 0: time 860.0 dt=2.0
15:45:21.823 INFO  n.n.g.GridCalc - Trial 0: time 862.0 dt=2.0
15:45:21.823 INFO  n.n.g.GridCalc - Trial 0: time 864.0 dt=2.0
15:45:21.823 INFO  n.n.g.GridCalc - Trial 0: time 866.0 dt=2.0
15:45:21.823 INFO  n.n.g.GridCalc - Trial 0: time 868.0 dt=2.0
15:45:21.823 INFO  n.n.g.GridCalc - Trial 0: time 870.0 dt=2.0
15:45:21.823 INFO  n.n.g.GridCalc - Trial 0: time 872.0 dt=2.0
15:45:21.824 INFO  n.n.g.GridCalc - Trial 0: time 874.0 dt=2.0
15:45:21.824 INFO  n.n.g.GridCalc - Trial 0: time 876.0 dt=2.0
15:45:21.824 INFO  n.n.g.GridCalc - Trial 0: time 878.0 dt=2.0
15:45:21.824 INFO  n.n.g.GridCalc - Trial 0: time 880.0 dt=2.0
15:45:21.824 INFO  n.n.g.GridCalc - Trial 0: time 882.0 dt=2.0
15:45:21.824 INFO  n.n.g.GridCalc - Trial 0: time 884.0 dt=2.0
15:45:21.824 INFO  n.n.g.GridCalc - Trial 0: time 886.0 dt=2.0
15:45:21.824 INFO  n.n.g.GridCalc - Trial 0: time 888.0 dt=2.0
15:45:21.824 INFO  n.n.g.GridCalc - Trial 0: time 890.0 dt=2.0
15:45:21.825 INFO  n.n.g.GridCalc - Trial 0: time 892.0 dt=2.0
15:45:21.825 INFO  n.n.g.GridCalc - Trial 0: time 894.0 dt=2.0
15:45:21.829 INFO  n.n.g.GridCalc - Trial 0: time 896.0 dt=2.0
15:45:21.829 INFO  n.n.g.GridCalc - Trial 0: time 898.0 dt=2.0
15:45:21.829 INFO  n.n.g.GridCalc - Trial 0: time 900.0 dt=2.0
15:45:21.829 INFO  n.n.g.GridCalc - Trial 0: time 902.0 dt=2.0
15:45:21.830 INFO  n.n.g.GridCalc - Trial 0: time 904.0 dt=2.0
15:45:21.830 INFO  n.n.g.GridCalc - Trial 0: time 906.0 dt=2.0
15:45:21.830 INFO  n.n.g.GridCalc - Trial 0: time 908.0 dt=2.0
15:45:21.830 INFO  n.n.g.GridCalc - Trial 0: time 910.0 dt=2.0
15:45:21.830 INFO  n.n.g.GridCalc - Trial 0: time 912.0 dt=2.0
15:45:21.830 INFO  n.n.g.GridCalc - Trial 0: time 914.0 dt=2.0
15:45:21.830 INFO  n.n.g.GridCalc - Trial 0: time 916.0 dt=2.0
15:45:21.830 INFO  n.n.g.GridCalc - Trial 0: time 918.0 dt=2.0
15:45:21.830 INFO  n.n.g.GridCalc - Trial 0: time 920.0 dt=2.0
15:45:21.830 INFO  n.n.g.GridCalc - Trial 0: time 922.0 dt=2.0
15:45:21.831 INFO  n.n.g.GridCalc - Trial 0: time 924.0 dt=2.0
15:45:21.831 INFO  n.n.g.GridCalc - Trial 0: time 926.0 dt=2.0
15:45:21.831 INFO  n.n.g.GridCalc - Trial 0: time 928.0 dt=2.0
15:45:21.831 INFO  n.n.g.GridCalc - Trial 0: time 930.0 dt=2.0
15:45:21.831 INFO  n.n.g.GridCalc - Trial 0: time 932.0 dt=2.0
15:45:21.831 INFO  n.n.g.GridCalc - Trial 0: time 934.0 dt=2.0
15:45:21.832 INFO  n.n.g.GridCalc - Trial 0: time 936.0 dt=2.0
15:45:21.832 INFO  n.n.g.GridCalc - Trial 0: time 938.0 dt=2.0
15:45:21.832 INFO  n.n.g.GridCalc - Trial 0: time 940.0 dt=2.0
15:45:21.832 INFO  n.n.g.GridCalc - Trial 0: time 942.0 dt=2.0
15:45:21.832 INFO  n.n.g.GridCalc - Trial 0: time 944.0 dt=2.0
15:45:21.832 INFO  n.n.g.GridCalc - Trial 0: time 946.0 dt=2.0
15:45:21.832 INFO  n.n.g.GridCalc - Trial 0: time 948.0 dt=2.0
15:45:21.832 INFO  n.n.g.GridCalc - Trial 0: time 950.0 dt=2.0
15:45:21.833 INFO  n.n.g.GridCalc - Trial 0: time 952.0 dt=2.0
15:45:21.833 INFO  n.n.g.GridCalc - Trial 0: time 954.0 dt=2.0
15:45:21.833 INFO  n.n.g.GridCalc - Trial 0: time 956.0 dt=2.0
15:45:21.833 INFO  n.n.g.GridCalc - Trial 0: time 958.0 dt=2.0
15:45:21.833 INFO  n.n.g.GridCalc - Trial 0: time 960.0 dt=2.0
15:45:21.833 INFO  n.n.g.GridCalc - Trial 0: time 962.0 dt=2.0
15:45:21.833 INFO  n.n.g.GridCalc - Trial 0: time 964.0 dt=2.0
15:45:21.833 INFO  n.n.g.GridCalc - Trial 0: time 966.0 dt=2.0
15:45:21.833 INFO  n.n.g.GridCalc - Trial 0: time 968.0 dt=2.0
15:45:21.833 INFO  n.n.g.GridCalc - Trial 0: time 970.0 dt=2.0
15:45:21.834 INFO  n.n.g.GridCalc - Trial 0: time 972.0 dt=2.0
15:45:21.834 INFO  n.n.g.GridCalc - Trial 0: time 974.0 dt=2.0
15:45:21.834 INFO  n.n.g.GridCalc - Trial 0: time 976.0 dt=2.0
15:45:21.834 INFO  n.n.g.GridCalc - Trial 0: time 978.0 dt=2.0
15:45:21.834 INFO  n.n.g.GridCalc - Trial 0: time 980.0 dt=2.0
15:45:21.834 INFO  n.n.g.GridCalc - Trial 0: time 982.0 dt=2.0
15:45:21.834 INFO  n.n.g.GridCalc - Trial 0: time 984.0 dt=2.0
15:45:21.834 INFO  n.n.g.GridCalc - Trial 0: time 986.0 dt=2.0
15:45:21.834 INFO  n.n.g.GridCalc - Trial 0: time 988.0 dt=2.0
15:45:21.835 INFO  n.n.g.GridCalc - Trial 0: time 990.0 dt=2.0
15:45:21.835 INFO  n.n.g.GridCalc - Trial 0: time 992.0 dt=2.0
15:45:21.835 INFO  n.n.g.GridCalc - Trial 0: time 994.0 dt=2.0
15:45:21.835 INFO  n.n.g.GridCalc - Trial 0: time 996.0 dt=2.0
15:45:21.835 INFO  n.n.g.GridCalc - Trial 0: time 998.0 dt=2.0
15:45:21.835 INFO  n.n.g.GridCalc - Trial 0: time 1000.0 dt=2.0
15:45:21.870 INFO  n.n.g.ResultWriterHDF5 - Created event_statistics with dims=[0×2×2] size=[∞×2×2] chunks=[256×2×2]
15:45:21.876 INFO  n.n.g.ResultWriterHDF5 - Created event_statistics with dims=[2] size=[] chunks=[2]
15:45:21.880 INFO  n.n.g.GridCalc - Trial 0: total number of particles at the end: 27
15:45:21.881 NOTICE n.n.g.GridCalc - Trial 0: total run time 146 ms
15:45:21.882 NOTICE n.n.g.StochasticGridCalc - Used up 173 random numbers
15:45:21.882 INFO  n.n.g.AdaptiveGridCalc - Queue suffered 8 swaps
15:45:21.882 NOTICE n.n.g.AdaptiveGridCalc - Accuracy control parameter ε=0.01
15:45:21.882 NOTICE n.n.g.AdaptiveGridCalc - Leapt 0 (0 firings, NaN f/l average), waited 168 times
15:45:21.882 INFO  n.n.g.AdaptiveGridCalc - Stimulation of species glu: 65 events, 65 molecules
15:45:21.882 INFO  n.n.g.AdaptiveGridCalc - Stimulation of species buf: 56 events, 56 molecules
15:45:21.883 NOTICE n.n.g.AdaptiveGridCalc - Real simulation took 0.307 s (307 ms, 3257.328990228013 ms/s)
15:45:21.883 INFO  n.n.g.ResultWriterHDF5 - Closing output file docs/neurord-fit/Model_simple.h5
